Using pre-set license
Built from '2022.3/staging' branch; Version is '2022.3.16f1 (d2c21f0ef2f1) revision 13812255'; Using compiler version '192829333'; Build Type 'Release'
OS: 'Windows 11  (10.0.22621) 64bit Professional' Language: 'en' Physical Memory: 7514 MB
BatchMode: 1, IsHumanControllingUs: 0, StartBugReporterOnCrash: 0, Is64bit: 1, IsPro: 1

COMMAND LINE ARGUMENTS:
D:\Unity_Spring2024\2022.3.16f1\Editor\Unity.exe
-adb2
-batchMode
-noUpm
-name
AssetImportWorker1
-projectPath
C:/Users/admin/Desktop/MyProject/PRU---Group-5
-logFile
Logs/AssetImportWorker1.log
-srvPort
54016
Successfully changed project path to: C:/Users/admin/Desktop/MyProject/PRU---Group-5
C:/Users/admin/Desktop/MyProject/PRU---Group-5
[UnityMemory] Configuration Parameters - Can be set up in boot.config
    "memorysetup-bucket-allocator-granularity=16"
    "memorysetup-bucket-allocator-bucket-count=8"
    "memorysetup-bucket-allocator-block-size=33554432"
    "memorysetup-bucket-allocator-block-count=8"
    "memorysetup-main-allocator-block-size=16777216"
    "memorysetup-thread-allocator-block-size=16777216"
    "memorysetup-gfx-main-allocator-block-size=16777216"
    "memorysetup-gfx-thread-allocator-block-size=16777216"
    "memorysetup-cache-allocator-block-size=4194304"
    "memorysetup-typetree-allocator-block-size=2097152"
    "memorysetup-profiler-bucket-allocator-granularity=16"
    "memorysetup-profiler-bucket-allocator-bucket-count=8"
    "memorysetup-profiler-bucket-allocator-block-size=33554432"
    "memorysetup-profiler-bucket-allocator-block-count=8"
    "memorysetup-profiler-allocator-block-size=16777216"
    "memorysetup-profiler-editor-allocator-block-size=1048576"
    "memorysetup-temp-allocator-size-main=16777216"
    "memorysetup-job-temp-allocator-block-size=2097152"
    "memorysetup-job-temp-allocator-block-size-background=1048576"
    "memorysetup-job-temp-allocator-reduction-small-platforms=262144"
    "memorysetup-allocator-temp-initial-block-size-main=262144"
    "memorysetup-allocator-temp-initial-block-size-worker=262144"
    "memorysetup-temp-allocator-size-background-worker=32768"
    "memorysetup-temp-allocator-size-job-worker=262144"
    "memorysetup-temp-allocator-size-preload-manager=33554432"
    "memorysetup-temp-allocator-size-nav-mesh-worker=65536"
    "memorysetup-temp-allocator-size-audio-worker=65536"
    "memorysetup-temp-allocator-size-cloud-worker=32768"
    "memorysetup-temp-allocator-size-gi-baking-worker=262144"
    "memorysetup-temp-allocator-size-gfx=262144"
Player connection [15376] Host "[IP] 192.168.1.174 [Port] 0 [Flags] 2 [Guid] 2868179823 [EditorId] 2868179823 [Version] 1048832 [Id] WindowsEditor(7,DESKTOP-VN7D46F) [Debug] 1 [PackageName] WindowsEditor [ProjectName] Editor" joined multi-casting on [225.0.0.222:54997]...

Player connection [15376] Host "[IP] 192.168.1.174 [Port] 0 [Flags] 2 [Guid] 2868179823 [EditorId] 2868179823 [Version] 1048832 [Id] WindowsEditor(7,DESKTOP-VN7D46F) [Debug] 1 [PackageName] WindowsEditor [ProjectName] Editor" joined alternative multi-casting on [225.0.0.222:34997]...

[Physics::Module] Initialized MultithreadedJobDispatcher with 11 workers.
Refreshing native plugins compatible for Editor in 41.19 ms, found 4 plugins.
Preloading 0 native plugins for Editor in 0.00 ms.
Initialize engine version: 2022.3.16f1 (d2c21f0ef2f1)
[Subsystems] Discovering subsystems at path D:/Unity_Spring2024/2022.3.16f1/Editor/Data/Resources/UnitySubsystems
[Subsystems] Discovering subsystems at path C:/Users/admin/Desktop/MyProject/PRU---Group-5/Assets
GfxDevice: creating device client; threaded=0; jobified=0
Direct3D:
    Version:  Direct3D 11.0 [level 11.1]
    Renderer: NVIDIA GeForce GTX 1650 (ID=0x1f9d)
    Vendor:   NVIDIA
    VRAM:     3962 MB
    Driver:   27.21.14.5734
Initialize mono
Mono path[0] = 'D:/Unity_Spring2024/2022.3.16f1/Editor/Data/Managed'
Mono path[1] = 'D:/Unity_Spring2024/2022.3.16f1/Editor/Data/MonoBleedingEdge/lib/mono/unityjit-win32'
Mono config path = 'D:/Unity_Spring2024/2022.3.16f1/Editor/Data/MonoBleedingEdge/etc'
Using monoOptions --debugger-agent=transport=dt_socket,embedding=1,server=y,suspend=n,address=127.0.0.1:56184
Begin MonoManager ReloadAssembly
Registering precompiled unity dll's ...
Register platform support module: D:/Unity_Spring2024/2022.3.16f1/Editor/Data/PlaybackEngines/WebGLSupport/UnityEditor.WebGL.Extensions.dll
Register platform support module: D:/Unity_Spring2024/2022.3.16f1/Editor/Data/PlaybackEngines/WindowsStandaloneSupport/UnityEditor.WindowsStandalone.Extensions.dll
Registered in 0.007218 seconds.
- Loaded All Assemblies, in  0.573 seconds
Native extension for WindowsStandalone target not found
Native extension for WebGL target not found
Mono: successfully reloaded assembly
- Finished resetting the current domain, in  0.354 seconds
Domain Reload Profiling: 927ms
	BeginReloadAssembly (236ms)
		ExecutionOrderSort (0ms)
		DisableScriptedObjects (0ms)
		BackupInstance (0ms)
		ReleaseScriptingObjects (0ms)
		CreateAndSetChildDomain (1ms)
	RebuildCommonClasses (47ms)
	RebuildNativeTypeToScriptingClass (13ms)
	initialDomainReloadingComplete (73ms)
	LoadAllAssembliesAndSetupDomain (203ms)
		LoadAssemblies (237ms)
		RebuildTransferFunctionScriptingTraits (0ms)
		AnalyzeDomain (199ms)
			TypeCache.Refresh (196ms)
				TypeCache.ScanAssembly (179ms)
			ScanForSourceGeneratedMonoScriptInfo (1ms)
			ResolveRequiredComponents (1ms)
	FinalizeReload (355ms)
		ReleaseScriptCaches (0ms)
		RebuildScriptCaches (0ms)
		SetupLoadedEditorAssemblies (274ms)
			LogAssemblyErrors (0ms)
			InitializePlatformSupportModulesInManaged (12ms)
			SetLoadedEditorAssemblies (7ms)
			RefreshPlugins (0ms)
			BeforeProcessingInitializeOnLoad (3ms)
			ProcessInitializeOnLoadAttributes (184ms)
			ProcessInitializeOnLoadMethodAttributes (68ms)
			AfterProcessingInitializeOnLoad (0ms)
			EditorAssembliesLoaded (0ms)
		ExecutionOrderSort2 (0ms)
		AwakeInstancesAfterBackupRestoration (0ms)
========================================================================
Worker process is ready to serve import requests
Begin MonoManager ReloadAssembly
- Loaded All Assemblies, in  1.149 seconds
Refreshing native plugins compatible for Editor in 6.27 ms, found 4 plugins.
Native extension for WindowsStandalone target not found
Native extension for WebGL target not found
Package Manager log level set to [2]
[Package Manager] Server::EnsureServerProcessIsRunning -- launch failed, reason: Unity was launched with the -noUpm command-line argument
[Package Manager] UpmClient::Send -- Unable to send message (not connected to UPM process).
[Package Manager] Cannot connect to Unity Package Manager local server
Mono: successfully reloaded assembly
- Finished resetting the current domain, in  0.750 seconds
Domain Reload Profiling: 1893ms
	BeginReloadAssembly (252ms)
		ExecutionOrderSort (0ms)
		DisableScriptedObjects (6ms)
		BackupInstance (0ms)
		ReleaseScriptingObjects (0ms)
		CreateAndSetChildDomain (29ms)
	RebuildCommonClasses (39ms)
	RebuildNativeTypeToScriptingClass (11ms)
	initialDomainReloadingComplete (49ms)
	LoadAllAssembliesAndSetupDomain (791ms)
		LoadAssemblies (746ms)
		RebuildTransferFunctionScriptingTraits (0ms)
		AnalyzeDomain (225ms)
			TypeCache.Refresh (195ms)
				TypeCache.ScanAssembly (173ms)
			ScanForSourceGeneratedMonoScriptInfo (25ms)
			ResolveRequiredComponents (5ms)
	FinalizeReload (751ms)
		ReleaseScriptCaches (0ms)
		RebuildScriptCaches (0ms)
		SetupLoadedEditorAssemblies (565ms)
			LogAssemblyErrors (0ms)
			InitializePlatformSupportModulesInManaged (6ms)
			SetLoadedEditorAssemblies (3ms)
			RefreshPlugins (0ms)
			BeforeProcessingInitializeOnLoad (83ms)
			ProcessInitializeOnLoadAttributes (424ms)
			ProcessInitializeOnLoadMethodAttributes (47ms)
			AfterProcessingInitializeOnLoad (2ms)
			EditorAssembliesLoaded (0ms)
		ExecutionOrderSort2 (0ms)
		AwakeInstancesAfterBackupRestoration (19ms)
Launched and connected shader compiler UnityShaderCompiler.exe after 0.12 seconds
Refreshing native plugins compatible for Editor in 9.12 ms, found 4 plugins.
Preloading 0 native plugins for Editor in 0.00 ms.
Unloading 4018 Unused Serialized files (Serialized files now loaded: 0)
Unloading 64 unused Assets / (61.1 KB). Loaded Objects now: 4479.
Memory consumption went from 144.7 MB to 144.6 MB.
Total: 5.925300 ms (FindLiveObjects: 0.559100 ms CreateObjectMapping: 0.228100 ms MarkObjects: 4.923300 ms  DeleteObjects: 0.213500 ms)

AssetImportParameters requested are different than current active one (requested -> active):
  custom:container-demuxer-ogg: 62fdf1f143b41e24485cea50d1cbac27 -> 
  custom:video-decoder-ogg-theora: a1e56fd34408186e4bbccfd4996cb3dc -> 
  custom:framework-win-MediaFoundation: 216162199b28c13a410421893ffa2e32 -> 
  custom:CustomObjectIndexerAttribute: 43b350a4d6e6d1791af0b5038c4bea17 -> 
  custom:container-demuxer-webm: 4f35f7cbe854078d1ac9338744f61a02 -> 
  custom:container-muxer-webm: aa71ff27fc2769a1b78a27578f13a17b -> 
  custom:video-decoder-webm-vp8: 9c59270c3fd7afecdb556c50c9e8de78 -> 
  custom:SearchIndexIgnoredProperties: e643bd26f0fe6173181afceb89e7c659 -> 
  custom:AudioImporter_EditorPlatform: d09bf68614088b80899f8185d706f6e7 -> 
  custom:video-encoder-webm-vp8: eb34c28f22e8b96e1ab97ce403110664 -> 
  custom:audio-decoder-ogg-vorbis: bf7c407c2cedff20999df2af8eb42d56 -> 
  custom:audio-encoder-webm-vorbis: bf7c407c2cedff20999df2af8eb42d56 -> 
========================================================================
Received Import Request.
  Time since last request: 102627.560212 seconds.
  path: Assets/PF SET1/Sliced/mainlevbuild.png
  artifactKey: Guid(0b0ba242c6354d744b4524eb0fc98ee7) Importer(815301076,1909f56bfc062723c751e8b465ee728b)
Start importing Assets/PF SET1/Sliced/mainlevbuild.png using Guid(0b0ba242c6354d744b4524eb0fc98ee7) Importer(815301076,1909f56bfc062723c751e8b465ee728b)  -> (artifact id: '61d16d5d4c727977ac6caf637a9cf531') in 4.012860 seconds
Number of updated asset objects reloaded before import = 0
Number of asset objects unloaded after import = 1353
========================================================================
Received Import Request.
  Time since last request: 0.000051 seconds.
  path: Assets/PF SET1/Sliced/decorative_obj.png
  artifactKey: Guid(150671d6d3ba0144998bef186d4b4ea9) Importer(815301076,1909f56bfc062723c751e8b465ee728b)
Start importing Assets/PF SET1/Sliced/decorative_obj.png using Guid(150671d6d3ba0144998bef186d4b4ea9) Importer(815301076,1909f56bfc062723c751e8b465ee728b)  -> (artifact id: '737cb46f7fb75cb87b8f870d87aaf3eb') in 2.597223 seconds
Number of updated asset objects reloaded before import = 0
Number of asset objects unloaded after import = 953
========================================================================
Received Import Request.
  Time since last request: 3.390851 seconds.
  path: Assets/Pixel Fantasy Caves/background2.png
  artifactKey: Guid(ab399925d444e6945b12d20b9f3f62f0) Importer(815301076,1909f56bfc062723c751e8b465ee728b)
Start importing Assets/Pixel Fantasy Caves/background2.png using Guid(ab399925d444e6945b12d20b9f3f62f0) Importer(815301076,1909f56bfc062723c751e8b465ee728b)  -> (artifact id: 'd00b108cc0c29d2f42298d7ebdc12dd9') in 0.026892 seconds
Number of updated asset objects reloaded before import = 0
Number of asset objects unloaded after import = 3
========================================================================
Received Import Request.
  Time since last request: 0.000038 seconds.
  path: Assets/Pixel Fantasy Caves/mainlev_build.png
  artifactKey: Guid(a2148cb95fda2a246b72a3834f9dc4a3) Importer(815301076,1909f56bfc062723c751e8b465ee728b)
Start importing Assets/Pixel Fantasy Caves/mainlev_build.png using Guid(a2148cb95fda2a246b72a3834f9dc4a3) Importer(815301076,1909f56bfc062723c751e8b465ee728b)  -> (artifact id: '840b125a7d581b1d9e3d4fc6c66f48e8') in 0.027045 seconds
Number of updated asset objects reloaded before import = 0
Number of asset objects unloaded after import = 3
========================================================================
Received Import Request.
  Time since last request: 0.000136 seconds.
  path: Assets/Pixel Fantasy Caves/background3.png
  artifactKey: Guid(d9caa294ebb856845a4e0af508e49dd3) Importer(815301076,1909f56bfc062723c751e8b465ee728b)
Start importing Assets/Pixel Fantasy Caves/background3.png using Guid(d9caa294ebb856845a4e0af508e49dd3) Importer(815301076,1909f56bfc062723c751e8b465ee728b)  -> (artifact id: '2fbe0dfb73bb8226f4ad63d26157ef03') in 0.021009 seconds
Number of updated asset objects reloaded before import = 0
Number of asset objects unloaded after import = 3
========================================================================
Received Import Request.
  Time since last request: 0.000046 seconds.
  path: Assets/Pixel Fantasy Caves/background4a.png
  artifactKey: Guid(335e30b416040a24b88a1c16eda337f7) Importer(815301076,1909f56bfc062723c751e8b465ee728b)
Start importing Assets/Pixel Fantasy Caves/background4a.png using Guid(335e30b416040a24b88a1c16eda337f7) Importer(815301076,1909f56bfc062723c751e8b465ee728b)  -> (artifact id: '79194a994afec05d1266590ff2a1af41') in 0.021584 seconds
Number of updated asset objects reloaded before import = 0
Number of asset objects unloaded after import = 3
========================================================================
Received Import Request.
  Time since last request: 4.066048 seconds.
  path: Assets/Pixel Fantasy Caves/Sliced/props1.png
  artifactKey: Guid(c244c027ceea8f04b91dcc837253127d) Importer(815301076,1909f56bfc062723c751e8b465ee728b)
Start importing Assets/Pixel Fantasy Caves/Sliced/props1.png using Guid(c244c027ceea8f04b91dcc837253127d) Importer(815301076,1909f56bfc062723c751e8b465ee728b)  -> (artifact id: '15d2a38668fce1247640532fae5cb6f8') in 8.315515 seconds
Number of updated asset objects reloaded before import = 0
Number of asset objects unloaded after import = 2293
========================================================================
Received Import Request.
  Time since last request: 0.458879 seconds.
  path: Assets/Medieval_pixel_art_asset_FREE/Prefabs/Props_free/Medieval_props_free_1.prefab
  artifactKey: Guid(5808ca7cfa9bad240b1c2c52003f4817) Importer(815301076,1909f56bfc062723c751e8b465ee728b)
Start importing Assets/Medieval_pixel_art_asset_FREE/Prefabs/Props_free/Medieval_props_free_1.prefab using Guid(5808ca7cfa9bad240b1c2c52003f4817) Importer(815301076,1909f56bfc062723c751e8b465ee728b)  -> (artifact id: 'd7a8e879b68359a74d47cf5bfd227c27') in 0.084228 seconds
Number of updated asset objects reloaded before import = 0
Number of asset objects unloaded after import = 7
========================================================================
Received Import Request.
  Time since last request: 0.000086 seconds.
  path: Assets/Medieval_pixel_art_asset_FREE/Prefabs/Props_free/Medieval_props_free_3.prefab
  artifactKey: Guid(2e158dd1922dd2f429687179bedb7503) Importer(815301076,1909f56bfc062723c751e8b465ee728b)
Start importing Assets/Medieval_pixel_art_asset_FREE/Prefabs/Props_free/Medieval_props_free_3.prefab using Guid(2e158dd1922dd2f429687179bedb7503) Importer(815301076,1909f56bfc062723c751e8b465ee728b)  -> (artifact id: '93367f24a0d835529f8976010f0ab3b6') in 0.011726 seconds
Number of updated asset objects reloaded before import = 0
Number of asset objects unloaded after import = 7
========================================================================
Received Import Request.
  Time since last request: 0.000026 seconds.
  path: Assets/Medieval_pixel_art_asset_FREE/Prefabs/Props_free/Medieval_props_free_11.prefab
  artifactKey: Guid(d74fca2a20f3b9a4cbd82b9ff4ba2891) Importer(815301076,1909f56bfc062723c751e8b465ee728b)
Start importing Assets/Medieval_pixel_art_asset_FREE/Prefabs/Props_free/Medieval_props_free_11.prefab using Guid(d74fca2a20f3b9a4cbd82b9ff4ba2891) Importer(815301076,1909f56bfc062723c751e8b465ee728b)  -> (artifact id: 'ba6b0d68f2b4cc5b8c320ee2afecb4ac') in 0.013445 seconds
Number of updated asset objects reloaded before import = 0
Number of asset objects unloaded after import = 7
========================================================================
Received Import Request.
  Time since last request: 0.000028 seconds.
  path: Assets/Medieval_pixel_art_asset_FREE/Prefabs/Props_free/Medieval_props_free_14.prefab
  artifactKey: Guid(573f2969d3071a44fa563048fb3422d8) Importer(815301076,1909f56bfc062723c751e8b465ee728b)
Start importing Assets/Medieval_pixel_art_asset_FREE/Prefabs/Props_free/Medieval_props_free_14.prefab using Guid(573f2969d3071a44fa563048fb3422d8) Importer(815301076,1909f56bfc062723c751e8b465ee728b)  -> (artifact id: '18e0fc7657c1574a90ac502170a24cf0') in 0.011910 seconds
Number of updated asset objects reloaded before import = 0
Number of asset objects unloaded after import = 7
========================================================================
Received Import Request.
  Time since last request: 0.000027 seconds.
  path: Assets/Medieval_pixel_art_asset_FREE/Prefabs/Props_free/Medieval_props_free_23.prefab
  artifactKey: Guid(343037b16e9ffed4fa036fdbd771d6c0) Importer(815301076,1909f56bfc062723c751e8b465ee728b)
Start importing Assets/Medieval_pixel_art_asset_FREE/Prefabs/Props_free/Medieval_props_free_23.prefab using Guid(343037b16e9ffed4fa036fdbd771d6c0) Importer(815301076,1909f56bfc062723c751e8b465ee728b)  -> (artifact id: '7c1a038965c6c7b9ee96c79a3c9ea3a1') in 0.015485 seconds
Number of updated asset objects reloaded before import = 0
Number of asset objects unloaded after import = 7
========================================================================
Received Import Request.
  Time since last request: 0.000042 seconds.
  path: Assets/Medieval_pixel_art_asset_FREE/Prefabs/Props_free/Medieval_props_free_4.prefab
  artifactKey: Guid(5f00a24494233a242bb7397e971a1e7f) Importer(815301076,1909f56bfc062723c751e8b465ee728b)
Start importing Assets/Medieval_pixel_art_asset_FREE/Prefabs/Props_free/Medieval_props_free_4.prefab using Guid(5f00a24494233a242bb7397e971a1e7f) Importer(815301076,1909f56bfc062723c751e8b465ee728b)  -> (artifact id: 'bd367d04b0716fe68addf9b06baa0e9f') in 0.010859 seconds
Number of updated asset objects reloaded before import = 0
Number of asset objects unloaded after import = 7
========================================================================
Received Import Request.
  Time since last request: 0.000041 seconds.
  path: Assets/Medieval_pixel_art_asset_FREE/Prefabs/Props_free/Medieval_props_free_13.prefab
  artifactKey: Guid(dd6c6c0f2cff23a488ed09ad8ab8c2dc) Importer(815301076,1909f56bfc062723c751e8b465ee728b)
Start importing Assets/Medieval_pixel_art_asset_FREE/Prefabs/Props_free/Medieval_props_free_13.prefab using Guid(dd6c6c0f2cff23a488ed09ad8ab8c2dc) Importer(815301076,1909f56bfc062723c751e8b465ee728b)  -> (artifact id: '5aaf6d5ba234d0a0a84fa9e36d768b08') in 0.012747 seconds
Number of updated asset objects reloaded before import = 0
Number of asset objects unloaded after import = 7
========================================================================
Received Import Request.
  Time since last request: 0.000059 seconds.
  path: Assets/Medieval_pixel_art_asset_FREE/Prefabs/Props_free/Medieval_props_free_12.prefab
  artifactKey: Guid(aea2031baec57684c94b0cb1a902dd8b) Importer(815301076,1909f56bfc062723c751e8b465ee728b)
Start importing Assets/Medieval_pixel_art_asset_FREE/Prefabs/Props_free/Medieval_props_free_12.prefab using Guid(aea2031baec57684c94b0cb1a902dd8b) Importer(815301076,1909f56bfc062723c751e8b465ee728b)  -> (artifact id: '3331e04cf84c9096f7e4ce4791072fe0') in 0.011728 seconds
Number of updated asset objects reloaded before import = 0
Number of asset objects unloaded after import = 7
========================================================================
Received Import Request.
  Time since last request: 0.000054 seconds.
  path: Assets/Medieval_pixel_art_asset_FREE/Prefabs/Props_free/Medieval_props_free_22.prefab
  artifactKey: Guid(e2a26257b5e648040b6edae4f19a74b1) Importer(815301076,1909f56bfc062723c751e8b465ee728b)
Start importing Assets/Medieval_pixel_art_asset_FREE/Prefabs/Props_free/Medieval_props_free_22.prefab using Guid(e2a26257b5e648040b6edae4f19a74b1) Importer(815301076,1909f56bfc062723c751e8b465ee728b)  -> (artifact id: '11123620eb77f82621c20b82057810b6') in 0.012104 seconds
Number of updated asset objects reloaded before import = 0
Number of asset objects unloaded after import = 7
========================================================================
Received Import Request.
  Time since last request: 0.000043 seconds.
  path: Assets/Medieval_pixel_art_asset_FREE/Prefabs/Props_free/Medieval_props_free_5.prefab
  artifactKey: Guid(38d22e1553bfb7943b9544b849dee0dd) Importer(815301076,1909f56bfc062723c751e8b465ee728b)
Start importing Assets/Medieval_pixel_art_asset_FREE/Prefabs/Props_free/Medieval_props_free_5.prefab using Guid(38d22e1553bfb7943b9544b849dee0dd) Importer(815301076,1909f56bfc062723c751e8b465ee728b)  -> (artifact id: '1b9b6895017db286df06352cfe25d160') in 0.013167 seconds
Number of updated asset objects reloaded before import = 0
Number of asset objects unloaded after import = 7
========================================================================
Received Import Request.
  Time since last request: 0.000039 seconds.
  path: Assets/Medieval_pixel_art_asset_FREE/Prefabs/Props_free/Medieval_props_free_16.prefab
  artifactKey: Guid(ad8aee53221f9c44bb741edfa9bbafe3) Importer(815301076,1909f56bfc062723c751e8b465ee728b)
Start importing Assets/Medieval_pixel_art_asset_FREE/Prefabs/Props_free/Medieval_props_free_16.prefab using Guid(ad8aee53221f9c44bb741edfa9bbafe3) Importer(815301076,1909f56bfc062723c751e8b465ee728b)  -> (artifact id: '47c774ddbe7692c44116fd8da4b7e60e') in 0.012313 seconds
Number of updated asset objects reloaded before import = 0
Number of asset objects unloaded after import = 7
